<?xml version="1.0" encoding="UTF-8"?>
<!-- Generated by org.testng.reporters.JUnitReportReporter -->
<testsuite hostname="DESKTOP-5TUV5D3" failures="0" tests="2" name="appium.demo.Create_account_test" time="12.941" errors="1" timestamp="2024-05-19T14:51:44 EEST" skipped="1">
  <testcase classname="appium.demo.Create_account_test" name="openApp" time="12.941">
    <error message="An element could not be located on the page using the given search parameters.
For documentation on this error, please visit: https://www.selenium.dev/documentation/webdriver/troubleshooting/errors#no-such-element-exception
Build info: version: &#039;4.20.0&#039;, revision: &#039;866c76ca80&#039;
System info: os.name: &#039;Windows 10&#039;, os.arch: &#039;amd64&#039;, os.version: &#039;10.0&#039;, java.version: &#039;22&#039;
Driver info: io.appium.java_client.android.AndroidDriver
Command: [e760cdb4-3b5d-42db-8854-822d2ad8122a, findElement {using=xpath, value=//android.widget.TextView[@resource-id=&quot;hussein.apps.talabaty:id/loginTextView&quot;]}]
Capabilities {appium:adbExecTimeout: 80000, appium:app: D:/app.apk, appium:appPackage: hussein.apps.talabaty, appium:databaseEnabled: false, appium:desired: {adbExecTimeout: 80000, app: D:/app.apk, deviceName: samsusng Sm-A155F, newCommandTimeout: 60000, platformName: ANDROID, platformVersion: 14}, appium:deviceApiLevel: 34, appium:deviceManufacturer: samsung, appium:deviceModel: SM-A155F, appium:deviceName: RK8X301GB5N, appium:deviceScreenDensity: 450, appium:deviceScreenSize: 1080x2340, appium:deviceUDID: RK8X301GB5N, appium:javascriptEnabled: true, appium:locationContextEnabled: false, appium:networkConnectionEnabled: true, appium:newCommandTimeout: 60000, appium:pixelRatio: 2.8125, appium:platformVersion: 14, appium:statBarHeight: 80, appium:takesScreenshot: true, appium:viewportRect: {height: 2045, left: 0, top: 80, width: 1080}, appium:warnings: {}, appium:webStorageEnabled: false, platformName: ANDROID}
Session ID: e760cdb4-3b5d-42db-8854-822d2ad8122a" type="org.openqa.selenium.NoSuchElementException">
      <![CDATA[org.openqa.selenium.NoSuchElementException: An element could not be located on the page using the given search parameters.
For documentation on this error, please visit: https://www.selenium.dev/documentation/webdriver/troubleshooting/errors#no-such-element-exception
Build info: version: '4.20.0', revision: '866c76ca80'
System info: os.name: 'Windows 10', os.arch: 'amd64', os.version: '10.0', java.version: '22'
Driver info: io.appium.java_client.android.AndroidDriver
Command: [e760cdb4-3b5d-42db-8854-822d2ad8122a, findElement {using=xpath, value=//android.widget.TextView[@resource-id="hussein.apps.talabaty:id/loginTextView"]}]
Capabilities {appium:adbExecTimeout: 80000, appium:app: D:/app.apk, appium:appPackage: hussein.apps.talabaty, appium:databaseEnabled: false, appium:desired: {adbExecTimeout: 80000, app: D:/app.apk, deviceName: samsusng Sm-A155F, newCommandTimeout: 60000, platformName: ANDROID, platformVersion: 14}, appium:deviceApiLevel: 34, appium:deviceManufacturer: samsung, appium:deviceModel: SM-A155F, appium:deviceName: RK8X301GB5N, appium:deviceScreenDensity: 450, appium:deviceScreenSize: 1080x2340, appium:deviceUDID: RK8X301GB5N, appium:javascriptEnabled: true, appium:locationContextEnabled: false, appium:networkConnectionEnabled: true, appium:newCommandTimeout: 60000, appium:pixelRatio: 2.8125, appium:platformVersion: 14, appium:statBarHeight: 80, appium:takesScreenshot: true, appium:viewportRect: {height: 2045, left: 0, top: 80, width: 1080}, appium:warnings: {}, appium:webStorageEnabled: false, platformName: ANDROID}
Session ID: e760cdb4-3b5d-42db-8854-822d2ad8122a
at java.base/jdk.internal.reflect.DirectConstructorHandleAccessor.newInstance(DirectConstructorHandleAccessor.java:62)
at java.base/java.lang.reflect.Constructor.newInstanceWithCaller(Constructor.java:502)
at java.base/java.lang.reflect.Constructor.newInstance(Constructor.java:486)
at org.openqa.selenium.remote.ErrorCodec.decode(ErrorCodec.java:167)
at org.openqa.selenium.remote.codec.w3c.W3CHttpResponseCodec.decode(W3CHttpResponseCodec.java:138)
at org.openqa.selenium.remote.codec.w3c.W3CHttpResponseCodec.decode(W3CHttpResponseCodec.java:50)
at org.openqa.selenium.remote.HttpCommandExecutor.execute(HttpCommandExecutor.java:190)
at io.appium.java_client.remote.AppiumCommandExecutor.execute(AppiumCommandExecutor.java:237)
at org.openqa.selenium.remote.RemoteWebDriver.execute(RemoteWebDriver.java:518)
at org.openqa.selenium.remote.ElementLocation$ElementFinder$2.findElement(ElementLocation.java:165)
at org.openqa.selenium.remote.ElementLocation.findElement(ElementLocation.java:59)
at org.openqa.selenium.remote.RemoteWebDriver.findElement(RemoteWebDriver.java:355)
at org.openqa.selenium.remote.RemoteWebDriver.findElement(RemoteWebDriver.java:349)
at appium.demo.TestBase.openApp(TestBase.java:44)
at java.base/jdk.internal.reflect.DirectMethodHandleAccessor.invoke(DirectMethodHandleAccessor.java:103)
at java.base/java.lang.reflect.Method.invoke(Method.java:580)
at org.testng.internal.invokers.MethodInvocationHelper.invokeMethod(MethodInvocationHelper.java:141)
at org.testng.internal.invokers.MethodInvocationHelper.invokeMethodConsideringTimeout(MethodInvocationHelper.java:71)
at org.testng.internal.invokers.ConfigInvoker.invokeConfigurationMethod(ConfigInvoker.java:400)
at org.testng.internal.invokers.ConfigInvoker.invokeConfigurations(ConfigInvoker.java:333)
at org.testng.SuiteRunner.privateRun(SuiteRunner.java:358)
at org.testng.SuiteRunner.run(SuiteRunner.java:312)
at org.testng.SuiteRunnerWorker.runSuite(SuiteRunnerWorker.java:52)
at org.testng.SuiteRunnerWorker.run(SuiteRunnerWorker.java:95)
at org.testng.TestNG.runSuitesSequentially(TestNG.java:1274)
at org.testng.TestNG.runSuitesLocally(TestNG.java:1208)
at org.testng.TestNG.runSuites(TestNG.java:1112)
at org.testng.TestNG.run(TestNG.java:1079)
at org.testng.remote.AbstractRemoteTestNG.run(AbstractRemoteTestNG.java:115)
at org.testng.remote.RemoteTestNG.initAndRun(RemoteTestNG.java:293)
at org.testng.remote.RemoteTestNG.main(RemoteTestNG.java:91)
]]>
    </error>
  </testcase> <!-- openApp -->
  <testcase classname="appium.demo.Create_account_test" name="Create_Duplicate_Email_Address" time="0.000">
    <skipped/>
  </testcase> <!-- Create_Duplicate_Email_Address -->
</testsuite> <!-- appium.demo.Create_account_test -->
